<?xml version="1.0" encoding="UTF-8"?>
<coverage generated="1644477724847" clover="3.2.0">
  <project timestamp="1644477724847" name="All files">
    <metrics statements="26" coveredstatements="4" conditionals="2" coveredconditionals="0" methods="11" coveredmethods="2" elements="39" coveredelements="6" complexity="0" loc="26" ncloc="26" packages="2" files="5" classes="5"/>
    <package name="src">
      <metrics statements="5" coveredstatements="0" conditionals="0" coveredconditionals="0" methods="1" coveredmethods="0"/>
      <file name="App.jsx" path="D:\_web\_school\_4semester\PG6301 - Webutvikling og API-design\Innlevering_react-express-heroku\client\src\App.jsx">
        <metrics statements="4" coveredstatements="0" conditionals="0" coveredconditionals="0" methods="1" coveredmethods="0"/>
        <line num="9" count="0" type="stmt"/>
        <line num="10" count="0" type="stmt"/>
        <line num="11" count="0" type="stmt"/>
        <line num="12" count="0" type="stmt"/>
      </file>
      <file name="index.jsx" path="D:\_web\_school\_4semester\PG6301 - Webutvikling og API-design\Innlevering_react-express-heroku\client\src\index.jsx">
        <metrics statements="1" coveredstatements="0" conditionals="0" coveredconditionals="0" methods="0" coveredmethods="0"/>
        <line num="6" count="0" type="stmt"/>
      </file>
    </package>
    <package name="src.pages">
      <metrics statements="21" coveredstatements="4" conditionals="2" coveredconditionals="0" methods="10" coveredmethods="2"/>
      <file name="Answer.jsx" path="D:\_web\_school\_4semester\PG6301 - Webutvikling og API-design\Innlevering_react-express-heroku\client\src\pages\Answer.jsx">
        <metrics statements="2" coveredstatements="2" conditionals="0" coveredconditionals="0" methods="1" coveredmethods="1"/>
        <line num="4" count="1" type="stmt"/>
        <line num="5" count="1" type="stmt"/>
      </file>
      <file name="Home.jsx" path="D:\_web\_school\_4semester\PG6301 - Webutvikling og API-design\Innlevering_react-express-heroku\client\src\pages\Home.jsx">
        <metrics statements="2" coveredstatements="2" conditionals="0" coveredconditionals="0" methods="1" coveredmethods="1"/>
        <line num="3" count="1" type="stmt"/>
        <line num="4" count="1" type="stmt"/>
      </file>
      <file name="Question.jsx" path="D:\_web\_school\_4semester\PG6301 - Webutvikling og API-design\Innlevering_react-express-heroku\client\src\pages\Question.jsx">
        <metrics statements="17" coveredstatements="0" conditionals="2" coveredconditionals="0" methods="8" coveredmethods="0"/>
        <line num="5" count="0" type="stmt"/>
        <line num="7" count="0" type="stmt"/>
        <line num="8" count="0" type="stmt"/>
        <line num="9" count="0" type="stmt"/>
        <line num="10" count="0" type="stmt"/>
        <line num="11" count="0" type="cond" truecount="0" falsecount="2"/>
        <line num="12" count="0" type="stmt"/>
        <line num="13" count="0" type="stmt"/>
        <line num="14" count="0" type="stmt"/>
        <line num="15" count="0" type="stmt"/>
        <line num="17" count="0" type="stmt"/>
        <line num="18" count="0" type="stmt"/>
        <line num="19" count="0" type="stmt"/>
        <line num="22" count="0" type="stmt"/>
        <line num="26" count="0" type="stmt"/>
        <line num="28" count="0" type="stmt"/>
        <line num="30" count="0" type="stmt"/>
      </file>
    </package>
  </project>
</coverage>
