{"D:\\_web\\_school\\_4semester\\PG6301 - Webutvikling og API-design\\Innlevering_react-express-heroku\\client\\src\\App.jsx": {"path":"D:\\_web\\_school\\_4semester\\PG6301 - Webutvikling og API-design\\Innlevering_react-express-heroku\\client\\src\\App.jsx","statementMap":{"0":{"start":{"line":9,"column":12},"end":{"line":37,"column":1}},"1":{"start":{"line":10,"column":44},"end":{"line":10,"column":55}},"2":{"start":{"line":11,"column":54},"end":{"line":11,"column":65}},"3":{"start":{"line":12,"column":2},"end":{"line":36,"column":4}}},"fnMap":{"0":{"name":"(anonymous_0)","decl":{"start":{"line":9,"column":12},"end":{"line":9,"column":13}},"loc":{"start":{"line":9,"column":18},"end":{"line":37,"column":1}},"line":9}},"branchMap":{},"s":{"0":0,"1":0,"2":0,"3":0},"f":{"0":0},"b":{}}
,"D:\\_web\\_school\\_4semester\\PG6301 - Webutvikling og API-design\\Innlevering_react-express-heroku\\client\\src\\index.jsx": {"path":"D:\\_web\\_school\\_4semester\\PG6301 - Webutvikling og API-design\\Innlevering_react-express-heroku\\client\\src\\index.jsx","statementMap":{"0":{"start":{"line":6,"column":0},"end":{"line":11,"column":2}}},"fnMap":{},"branchMap":{},"s":{"0":0},"f":{},"b":{}}
,"D:\\_web\\_school\\_4semester\\PG6301 - Webutvikling og API-design\\Innlevering_react-express-heroku\\client\\src\\pages\\Answer.jsx": {"path":"D:\\_web\\_school\\_4semester\\PG6301 - Webutvikling og API-design\\Innlevering_react-express-heroku\\client\\src\\pages\\Answer.jsx","statementMap":{"0":{"start":{"line":4,"column":15},"end":{"line":23,"column":1}},"1":{"start":{"line":5,"column":2},"end":{"line":22,"column":4}}},"fnMap":{"0":{"name":"(anonymous_0)","decl":{"start":{"line":4,"column":15},"end":{"line":4,"column":16}},"loc":{"start":{"line":4,"column":58},"end":{"line":23,"column":1}},"line":4}},"branchMap":{},"s":{"0":1,"1":1},"f":{"0":1},"b":{},"_coverageSchema":"1a1c01bbd47fc00a2c39e90264f33305004495a9","hash":"413e3bbb7798db45fbc49506f2439b5c56bb1a0c"}
,"D:\\_web\\_school\\_4semester\\PG6301 - Webutvikling og API-design\\Innlevering_react-express-heroku\\client\\src\\pages\\Home.jsx": {"path":"D:\\_web\\_school\\_4semester\\PG6301 - Webutvikling og API-design\\Innlevering_react-express-heroku\\client\\src\\pages\\Home.jsx","statementMap":{"0":{"start":{"line":3,"column":13},"end":{"line":16,"column":1}},"1":{"start":{"line":4,"column":2},"end":{"line":15,"column":4}}},"fnMap":{"0":{"name":"(anonymous_0)","decl":{"start":{"line":3,"column":13},"end":{"line":3,"column":14}},"loc":{"start":{"line":3,"column":19},"end":{"line":16,"column":1}},"line":3}},"branchMap":{},"s":{"0":1,"1":1},"f":{"0":1},"b":{},"_coverageSchema":"1a1c01bbd47fc00a2c39e90264f33305004495a9","hash":"3bdcb2f6e69e35304ab3c9e01b0e1af64a83004c"}
,"D:\\_web\\_school\\_4semester\\PG6301 - Webutvikling og API-design\\Innlevering_react-express-heroku\\client\\src\\pages\\Question.jsx": {"path":"D:\\_web\\_school\\_4semester\\PG6301 - Webutvikling og API-design\\Innlevering_react-express-heroku\\client\\src\\pages\\Question.jsx","statementMap":{"0":{"start":{"line":5,"column":31},"end":{"line":5,"column":70}},"1":{"start":{"line":7,"column":17},"end":{"line":38,"column":1}},"2":{"start":{"line":8,"column":34},"end":{"line":8,"column":60}},"3":{"start":{"line":9,"column":19},"end":{"line":9,"column":32}},"4":{"start":{"line":10,"column":28},"end":{"line":21,"column":3}},"5":{"start":{"line":11,"column":4},"end":{"line":20,"column":5}},"6":{"start":{"line":12,"column":6},"end":{"line":12,"column":34}},"7":{"start":{"line":13,"column":6},"end":{"line":13,"column":43}},"8":{"start":{"line":13,"column":33},"end":{"line":13,"column":41}},"9":{"start":{"line":14,"column":6},"end":{"line":14,"column":48}},"10":{"start":{"line":14,"column":38},"end":{"line":14,"column":46}},"11":{"start":{"line":15,"column":6},"end":{"line":15,"column":34}},"12":{"start":{"line":17,"column":6},"end":{"line":17,"column":34}},"13":{"start":{"line":18,"column":6},"end":{"line":18,"column":48}},"14":{"start":{"line":18,"column":38},"end":{"line":18,"column":46}},"15":{"start":{"line":19,"column":6},"end":{"line":19,"column":32}},"16":{"start":{"line":22,"column":2},"end":{"line":37,"column":4}},"17":{"start":{"line":26,"column":28},"end":{"line":26,"column":52}},"18":{"start":{"line":28,"column":10},"end":{"line":34,"column":12}},"19":{"start":{"line":30,"column":37},"end":{"line":30,"column":61}}},"fnMap":{"0":{"name":"(anonymous_0)","decl":{"start":{"line":7,"column":17},"end":{"line":7,"column":18}},"loc":{"start":{"line":7,"column":66},"end":{"line":38,"column":1}},"line":7},"1":{"name":"(anonymous_1)","decl":{"start":{"line":10,"column":28},"end":{"line":10,"column":29}},"loc":{"start":{"line":10,"column":40},"end":{"line":21,"column":3}},"line":10},"2":{"name":"(anonymous_2)","decl":{"start":{"line":13,"column":23},"end":{"line":13,"column":24}},"loc":{"start":{"line":13,"column":33},"end":{"line":13,"column":41}},"line":13},"3":{"name":"(anonymous_3)","decl":{"start":{"line":14,"column":28},"end":{"line":14,"column":29}},"loc":{"start":{"line":14,"column":38},"end":{"line":14,"column":46}},"line":14},"4":{"name":"(anonymous_4)","decl":{"start":{"line":18,"column":28},"end":{"line":18,"column":29}},"loc":{"start":{"line":18,"column":38},"end":{"line":18,"column":46}},"line":18},"5":{"name":"(anonymous_5)","decl":{"start":{"line":26,"column":16},"end":{"line":26,"column":17}},"loc":{"start":{"line":26,"column":28},"end":{"line":26,"column":52}},"line":26},"6":{"name":"(anonymous_6)","decl":{"start":{"line":27,"column":13},"end":{"line":27,"column":14}},"loc":{"start":{"line":27,"column":24},"end":{"line":35,"column":9}},"line":27},"7":{"name":"(anonymous_7)","decl":{"start":{"line":30,"column":31},"end":{"line":30,"column":32}},"loc":{"start":{"line":30,"column":37},"end":{"line":30,"column":61}},"line":30}},"branchMap":{"0":{"loc":{"start":{"line":11,"column":4},"end":{"line":20,"column":5}},"type":"if","locations":[{"start":{"line":11,"column":4},"end":{"line":20,"column":5}},{"start":{"line":16,"column":11},"end":{"line":20,"column":5}}],"line":11}},"s":{"0":0,"1":0,"2":0,"3":0,"4":0,"5":0,"6":0,"7":0,"8":0,"9":0,"10":0,"11":0,"12":0,"13":0,"14":0,"15":0,"16":0,"17":0,"18":0,"19":0},"f":{"0":0,"1":0,"2":0,"3":0,"4":0,"5":0,"6":0,"7":0},"b":{"0":[0,0]}}
}
